<?xml version="1.0" encoding="UTF-8"?>
<!-- Generated by org.testng.reporters.JUnitXMLReporter -->
<testsuite ignored="4" hostname="Maneesh" failures="0" tests="9" name="Sub-Tests" time="83.352" errors="0" timestamp="2024-05-06T22:51:49 IST">
  <testcase classname="testcases.LandingPageTest" name="verifyLandingPage" time="3.032"/>
  <testcase classname="testcases.LandingPageTest" name="verifyGetStarted" time="2.291"/>
  <testcase classname="testcases.LandingtoHomepageTest" name="verifyRegionChangeFunctionality" time="13.422"/>
  <testcase classname="testcases.LandingtoHomepageTest" name="verifyPrivacyFunctionality" time="16.476"/>
  <testcase classname="testcases.LandingtoHomepageTest" name="verifyConsentFunctionality" time="5.574"/>
  <testcase classname="testcases.LandingtoHomepageTest" name="verifyTermsConditions" time="11.932"/>
  <testcase classname="testcases.NavigateToDevicesTest" name="verifyDirigeraHubFunctionality" time="12.364"/>
  <testcase classname="testcases.NavigateToDevicesTest" name="verifyConnectionSetup" time="11.701"/>
  <testcase classname="testcases.NavigateToDevicesTest" name="verifyLookingforNearbyHubFunctionality" time="5.169"/>
  <testcase classname="testcases.SetupTest" name="@BeforeSuite beforeSuite" time="0.0">
    <ignored/>
  </testcase> <!-- @BeforeSuite beforeSuite -->
  <testcase classname="testcases.SetupTest" name="@AfterSuite end" time="0.0">
    <ignored/>
  </testcase> <!-- @AfterSuite end -->
  <testcase classname="testcases.SetupTest" name="@AfterSuite end" time="0.0">
    <ignored/>
  </testcase> <!-- @AfterSuite end -->
  <testcase classname="testcases.SetupTest" name="@BeforeSuite beforeSuite" time="0.0">
    <ignored/>
  </testcase> <!-- @BeforeSuite beforeSuite -->
</testsuite> <!-- Sub-Tests -->
